<?xml version="1.0" encoding="UTF-8"?>
<!-- Generated by org.testng.reporters.JUnitReportReporter -->
<testsuite hostname="Cnu" name="com.Sikuli.ProfilePictureUpload" tests="3" failures="0" timestamp="4 Jul 2019 10:28:12 GMT" time="13.301" errors="0">
  <testcase name="pim" time="0.079" classname="com.Sikuli.ProfilePictureUpload"/>
  <testcase name="addEmployee" time="10.333" classname="com.Sikuli.ProfilePictureUpload"/>
  <testcase name="logIn" time="2.889" classname="com.Sikuli.ProfilePictureUpload"/>
</testsuite> <!-- com.Sikuli.ProfilePictureUpload -->
