<?xml version="1.0" encoding="UTF-8"?>
<!-- Generated by org.testng.reporters.JUnitReportReporter -->
<testsuite hostname="Cnu" name="com.GRID.DataProvider_Grid" tests="2" failures="0" timestamp="14 Jun 2019 04:19:33 GMT" time="38.991" errors="0">
  <testcase name="LogInTest" time="16.237" classname="com.GRID.DataProvider_Grid"/>
  <testcase name="LogInTest" time="22.754" classname="com.GRID.DataProvider_Grid"/>
</testsuite> <!-- com.GRID.DataProvider_Grid -->
