<?xml version="1.0" encoding="UTF-8"?>
<!-- Generated by org.testng.reporters.JUnitReportReporter -->
<testsuite hostname="Cnu" name="com.KeyWord.NewTours_LogInTest" tests="1" failures="0" timestamp="6 Jun 2019 04:36:57 GMT" time="42.906" errors="0">
  <testcase name="logIn" time="42.906" classname="com.KeyWord.NewTours_LogInTest"/>
</testsuite> <!-- com.KeyWord.NewTours_LogInTest -->
