<?xml version="1.0" encoding="UTF-8"?>
<!-- Generated by org.testng.reporters.JUnitReportReporter -->
<testsuite hostname="Cnu" name="com.WindowComponentsHandling.OHRM_AddEmployee_UploadingImage_ToApplication" tests="3" failures="0" timestamp="15 Jun 2019 04:51:48 GMT" time="24.565" errors="0">
  <testcase name="logIn" time="3.697" classname="com.WindowComponentsHandling.OHRM_AddEmployee_UploadingImage_ToApplication"/>
  <testcase name="addEmployee" time="15.789" classname="com.WindowComponentsHandling.OHRM_AddEmployee_UploadingImage_ToApplication"/>
  <testcase name="pim" time="5.079" classname="com.WindowComponentsHandling.OHRM_AddEmployee_UploadingImage_ToApplication"/>
</testsuite> <!-- com.WindowComponentsHandling.OHRM_AddEmployee_UploadingImage_ToApplication -->
