<?xml version="1.0" encoding="UTF-8"?>
<!-- Generated by org.testng.reporters.JUnitReportReporter -->
<testsuite hostname="Cnu" name="com.DataDriven.NewTours_LogInTest" tests="1" failures="0" timestamp="7 Jun 2019 04:11:36 GMT" time="41.998" errors="0">
  <testcase name="logIn" time="41.998" classname="com.DataDriven.NewTours_LogInTest"/>
</testsuite> <!-- com.DataDriven.NewTours_LogInTest -->
