<?xml version="1.0" encoding="UTF-8"?>
<!-- Generated by org.testng.reporters.JUnitReportReporter -->
<testsuite hostname="Cnu" name="com.DataDriven.NewTours_UserRegistration" tests="2" failures="0" timestamp="7 Jun 2019 04:11:36 GMT" time="13.394" errors="0">
  <testcase name="newUserRegistration" time="13.042" classname="com.DataDriven.NewTours_UserRegistration"/>
  <testcase name="register" time="0.352" classname="com.DataDriven.NewTours_UserRegistration"/>
</testsuite> <!-- com.DataDriven.NewTours_UserRegistration -->
