<?xml version="1.0" encoding="UTF-8"?>
<!-- Generated by org.testng.reporters.JUnitReportReporter -->
<testsuite hostname="Cnu" name="com.RadioButtonsTesting.EchoEcho_RadioButton" tests="1" failures="0" timestamp="7 Jun 2019 05:03:24 GMT" time="15.873" errors="0">
  <testcase name="radiobutton" time="15.873" classname="com.RadioButtonsTesting.EchoEcho_RadioButton"/>
</testsuite> <!-- com.RadioButtonsTesting.EchoEcho_RadioButton -->
