<?xml version="1.0" encoding="UTF-8"?>
<!-- Generated by org.testng.reporters.JUnitReportReporter -->
<testsuite hostname="Cnu" name="com.OHRM.TestScripts.LogInTest" tests="1" failures="0" timestamp="16 Jun 2019 07:29:54 GMT" time="10.982" errors="0">
  <testcase name="logIn" time="10.982" classname="com.OHRM.TestScripts.LogInTest"/>
</testsuite> <!-- com.OHRM.TestScripts.LogInTest -->
