<?xml version="1.0" encoding="UTF-8"?>
<!-- Generated by org.testng.reporters.JUnitReportReporter -->
<testsuite hostname="Cnu" name="com.POM.NewTours_HomePageTesting" tests="1" failures="0" timestamp="8 Jun 2019 05:01:49 GMT" time="57.518" errors="0">
  <testcase name="homePage" time="57.518" classname="com.POM.NewTours_HomePageTesting"/>
</testsuite> <!-- com.POM.NewTours_HomePageTesting -->
