<?xml version="1.0" encoding="UTF-8"?>
<!-- Generated by org.testng.reporters.JUnitReportReporter -->
<testsuite skipped="0" hostname="Cnu" name="com.OrageHRM.LogInTest" tests="1" failures="0" timestamp="14 Jun 2019 03:48:09 GMT" time="3.586" errors="0">
  <testcase name="logIn" time="3.586" classname="com.OrageHRM.LogInTest"/>
</testsuite> <!-- com.OrageHRM.LogInTest -->
