<?xml version="1.0" encoding="UTF-8"?>
<!-- Generated by org.testng.reporters.JUnitReportReporter -->
<testsuite hostname="Cnu" name="com.OHRM.testScripts.TC_101" tests="1" failures="0" timestamp="16 Jun 2019 06:57:22 GMT" time="29.769" errors="0">
  <testcase name="logInTest" time="29.769" classname="com.OHRM.testScripts.TC_101"/>
</testsuite> <!-- com.OHRM.testScripts.TC_101 -->
