<?xml version="1.0" encoding="UTF-8"?>
<!-- Generated by org.testng.reporters.JUnitReportReporter -->
<testsuite hostname="Cnu" name="com.OHRM.testScripts.TC_102" tests="1" failures="0" timestamp="16 Jun 2019 06:57:22 GMT" time="26.546" errors="0">
  <testcase name="testRun2" time="26.546" classname="com.OHRM.testScripts.TC_102"/>
</testsuite> <!-- com.OHRM.testScripts.TC_102 -->
